<?xml version="1.0" encoding="UTF-8"?>
<testng-results ignored="0" total="1" passed="1" failed="0" skipped="0">
  <reporter-output>
  </reporter-output>
  <suite started-at="2022-06-18T20:28:53Z" name="InetBankingV1" finished-at="2022-06-18T20:29:36Z" duration-ms="43105">
    <groups>
    </groups>
    <test started-at="2022-06-18T20:28:53Z" name="BankingApp Test" finished-at="2022-06-18T20:29:36Z" duration-ms="43105">
      <class name="com.inetbanking.testCases.TC_addNewAccount">
        <test-method is-config="true" signature="setup(java.lang.String)[pri:0, instance:com.inetbanking.testCases.TC_addNewAccount@1df82230]" started-at="2022-06-18T20:28:53Z" name="setup" finished-at="2022-06-18T20:29:24Z" duration-ms="30308" status="PASS">
          <params>
            <param index="0">
              <value>
                <![CDATA[chrome]]>
              </value>
            </param>
          </params>
          <reporter-output>
          </reporter-output>
        </test-method> <!-- setup -->
        <test-method signature="addnewAccount()[pri:0, instance:com.inetbanking.testCases.TC_addNewAccount@1df82230]" started-at="2022-06-18T20:29:24Z" name="addnewAccount" finished-at="2022-06-18T20:29:36Z" duration-ms="12326" status="PASS">
          <reporter-output>
          </reporter-output>
        </test-method> <!-- addnewAccount -->
      </class> <!-- com.inetbanking.testCases.TC_addNewAccount -->
    </test> <!-- BankingApp Test -->
  </suite> <!-- InetBankingV1 -->
</testng-results>
